INFO - 2023-11-29 04:52:44 --> Session: Class initialized using 'CodeIgniter\Session\Handlers\FileHandler' driver.
INFO - 2023-11-29 05:03:14 --> Session: Class initialized using 'CodeIgniter\Session\Handlers\FileHandler' driver.
INFO - 2023-11-29 05:03:15 --> Session: Class initialized using 'CodeIgniter\Session\Handlers\FileHandler' driver.
ERROR - 2023-11-29 05:03:16 --> mysqli_sql_exception: You have an error in your SQL syntax; check the manual that corresponds to your MySQL server version for the right syntax to use near ' 0)), 0)total
FROM `tblreserved`
WHERE `Status` = 'Hold'' at line 1 in C:\xampp\htdocs\FastCat-WMS\system\Database\MySQLi\Connection.php:295
Stack trace:
#0 C:\xampp\htdocs\FastCat-WMS\system\Database\MySQLi\Connection.php(295): mysqli->query('SELECT FORMAT(I...', 0)
#1 C:\xampp\htdocs\FastCat-WMS\system\Database\BaseConnection.php(691): CodeIgniter\Database\MySQLi\Connection->execute('SELECT FORMAT(I...')
#2 C:\xampp\htdocs\FastCat-WMS\system\Database\BaseConnection.php(605): CodeIgniter\Database\BaseConnection->simpleQuery('SELECT FORMAT(I...')
#3 C:\xampp\htdocs\FastCat-WMS\system\Database\BaseBuilder.php(1602): CodeIgniter\Database\BaseConnection->query('SELECT FORMAT(I...', Array, false)
#4 C:\xampp\htdocs\FastCat-WMS\app\Controllers\Dashboard.php(91): CodeIgniter\Database\BaseBuilder->get()
#5 C:\xampp\htdocs\FastCat-WMS\system\CodeIgniter.php(934): App\Controllers\Dashboard->totalReserved()
#6 C:\xampp\htdocs\FastCat-WMS\system\CodeIgniter.php(499): CodeIgniter\CodeIgniter->runController(Object(App\Controllers\Dashboard))
#7 C:\xampp\htdocs\FastCat-WMS\system\CodeIgniter.php(368): CodeIgniter\CodeIgniter->handleRequest(NULL, Object(Config\Cache), false)
#8 C:\xampp\htdocs\FastCat-WMS\public\index.php(67): CodeIgniter\CodeIgniter->run()
#9 C:\xampp\htdocs\FastCat-WMS\system\Commands\Server\rewrite.php(47): require_once('C:\\xampp\\htdocs...')
#10 {main}
CRITICAL - 2023-11-29 05:03:16 --> You have an error in your SQL syntax; check the manual that corresponds to your MySQL server version for the right syntax to use near ' 0)), 0)total
FROM `tblreserved`
WHERE `Status` = 'Hold'' at line 1
in SYSTEMPATH\Database\BaseConnection.php on line 645.
 1 SYSTEMPATH\Database\BaseBuilder.php(1602): CodeIgniter\Database\BaseConnection->query('SELECT FORMAT(IFNULL(SUM(Qty, 0)), 0)total
FROM `tblreserved`
WHERE `Status` = :Status:', [...], false)
 2 APPPATH\Controllers\Dashboard.php(91): CodeIgniter\Database\BaseBuilder->get()
 3 SYSTEMPATH\CodeIgniter.php(934): App\Controllers\Dashboard->totalReserved()
 4 SYSTEMPATH\CodeIgniter.php(499): CodeIgniter\CodeIgniter->runController(Object(App\Controllers\Dashboard))
 5 SYSTEMPATH\CodeIgniter.php(368): CodeIgniter\CodeIgniter->handleRequest(null, Object(Config\Cache), false)
 6 FCPATH\index.php(67): CodeIgniter\CodeIgniter->run()
 7 SYSTEMPATH\Commands\Server\rewrite.php(47): require_once('FCPATH\\index.php')
INFO - 2023-11-29 05:03:16 --> Session: Class initialized using 'CodeIgniter\Session\Handlers\FileHandler' driver.
INFO - 2023-11-29 05:21:42 --> Session: Class initialized using 'CodeIgniter\Session\Handlers\FileHandler' driver.
INFO - 2023-11-29 05:21:43 --> Session: Class initialized using 'CodeIgniter\Session\Handlers\FileHandler' driver.
INFO - 2023-11-29 05:21:59 --> Session: Class initialized using 'CodeIgniter\Session\Handlers\FileHandler' driver.
INFO - 2023-11-29 05:21:59 --> Session: Class initialized using 'CodeIgniter\Session\Handlers\FileHandler' driver.
INFO - 2023-11-29 05:26:11 --> Session: Class initialized using 'CodeIgniter\Session\Handlers\FileHandler' driver.
INFO - 2023-11-29 05:27:25 --> Session: Class initialized using 'CodeIgniter\Session\Handlers\FileHandler' driver.
INFO - 2023-11-29 05:27:25 --> Session: Class initialized using 'CodeIgniter\Session\Handlers\FileHandler' driver.
INFO - 2023-11-29 05:27:38 --> Session: Class initialized using 'CodeIgniter\Session\Handlers\FileHandler' driver.
INFO - 2023-11-29 05:28:37 --> Session: Class initialized using 'CodeIgniter\Session\Handlers\FileHandler' driver.
INFO - 2023-11-29 05:28:37 --> Session: Class initialized using 'CodeIgniter\Session\Handlers\FileHandler' driver.
INFO - 2023-11-29 05:32:59 --> Session: Class initialized using 'CodeIgniter\Session\Handlers\FileHandler' driver.
INFO - 2023-11-29 05:36:09 --> Session: Class initialized using 'CodeIgniter\Session\Handlers\FileHandler' driver.
INFO - 2023-11-29 05:36:10 --> Session: Class initialized using 'CodeIgniter\Session\Handlers\FileHandler' driver.
INFO - 2023-11-29 05:37:32 --> Session: Class initialized using 'CodeIgniter\Session\Handlers\FileHandler' driver.
INFO - 2023-11-29 05:38:55 --> Session: Class initialized using 'CodeIgniter\Session\Handlers\FileHandler' driver.
INFO - 2023-11-29 05:38:55 --> Session: Class initialized using 'CodeIgniter\Session\Handlers\FileHandler' driver.
INFO - 2023-11-29 05:40:05 --> Session: Class initialized using 'CodeIgniter\Session\Handlers\FileHandler' driver.
INFO - 2023-11-29 05:40:07 --> Session: Class initialized using 'CodeIgniter\Session\Handlers\FileHandler' driver.
INFO - 2023-11-29 05:40:07 --> Session: Class initialized using 'CodeIgniter\Session\Handlers\FileHandler' driver.
INFO - 2023-11-29 05:40:10 --> Session: Class initialized using 'CodeIgniter\Session\Handlers\FileHandler' driver.
INFO - 2023-11-29 05:41:17 --> Session: Class initialized using 'CodeIgniter\Session\Handlers\FileHandler' driver.
INFO - 2023-11-29 05:41:17 --> Session: Class initialized using 'CodeIgniter\Session\Handlers\FileHandler' driver.
INFO - 2023-11-29 05:41:37 --> Session: Class initialized using 'CodeIgniter\Session\Handlers\FileHandler' driver.
INFO - 2023-11-29 05:42:41 --> Session: Class initialized using 'CodeIgniter\Session\Handlers\FileHandler' driver.
INFO - 2023-11-29 05:42:41 --> Session: Class initialized using 'CodeIgniter\Session\Handlers\FileHandler' driver.
INFO - 2023-11-29 05:43:05 --> Session: Class initialized using 'CodeIgniter\Session\Handlers\FileHandler' driver.
INFO - 2023-11-29 05:43:58 --> Session: Class initialized using 'CodeIgniter\Session\Handlers\FileHandler' driver.
INFO - 2023-11-29 05:43:58 --> Session: Class initialized using 'CodeIgniter\Session\Handlers\FileHandler' driver.
INFO - 2023-11-29 05:44:32 --> Session: Class initialized using 'CodeIgniter\Session\Handlers\FileHandler' driver.
INFO - 2023-11-29 05:44:36 --> Session: Class initialized using 'CodeIgniter\Session\Handlers\FileHandler' driver.
INFO - 2023-11-29 05:44:37 --> Session: Class initialized using 'CodeIgniter\Session\Handlers\FileHandler' driver.
INFO - 2023-11-29 05:44:37 --> Session: Class initialized using 'CodeIgniter\Session\Handlers\FileHandler' driver.
INFO - 2023-11-29 05:46:16 --> Session: Class initialized using 'CodeIgniter\Session\Handlers\FileHandler' driver.
INFO - 2023-11-29 05:46:17 --> Session: Class initialized using 'CodeIgniter\Session\Handlers\FileHandler' driver.
INFO - 2023-11-29 05:46:17 --> Session: Class initialized using 'CodeIgniter\Session\Handlers\FileHandler' driver.
INFO - 2023-11-29 05:46:17 --> Session: Class initialized using 'CodeIgniter\Session\Handlers\FileHandler' driver.
INFO - 2023-11-29 05:46:17 --> Session: Class initialized using 'CodeIgniter\Session\Handlers\FileHandler' driver.
INFO - 2023-11-29 05:46:51 --> Session: Class initialized using 'CodeIgniter\Session\Handlers\FileHandler' driver.
INFO - 2023-11-29 05:48:58 --> Session: Class initialized using 'CodeIgniter\Session\Handlers\FileHandler' driver.
INFO - 2023-11-29 05:48:59 --> Session: Class initialized using 'CodeIgniter\Session\Handlers\FileHandler' driver.
INFO - 2023-11-29 05:49:44 --> Session: Class initialized using 'CodeIgniter\Session\Handlers\FileHandler' driver.
INFO - 2023-11-29 05:51:43 --> Session: Class initialized using 'CodeIgniter\Session\Handlers\FileHandler' driver.
INFO - 2023-11-29 05:51:44 --> Session: Class initialized using 'CodeIgniter\Session\Handlers\FileHandler' driver.
INFO - 2023-11-29 05:51:55 --> Session: Class initialized using 'CodeIgniter\Session\Handlers\FileHandler' driver.
INFO - 2023-11-29 05:53:05 --> Session: Class initialized using 'CodeIgniter\Session\Handlers\FileHandler' driver.
INFO - 2023-11-29 05:53:05 --> Session: Class initialized using 'CodeIgniter\Session\Handlers\FileHandler' driver.
INFO - 2023-11-29 05:54:08 --> Session: Class initialized using 'CodeIgniter\Session\Handlers\FileHandler' driver.
INFO - 2023-11-29 05:54:08 --> Session: Class initialized using 'CodeIgniter\Session\Handlers\FileHandler' driver.
INFO - 2023-11-29 05:54:15 --> Session: Class initialized using 'CodeIgniter\Session\Handlers\FileHandler' driver.
INFO - 2023-11-29 05:54:15 --> Session: Class initialized using 'CodeIgniter\Session\Handlers\FileHandler' driver.
ERROR - 2023-11-29 05:54:16 --> mysqli_sql_exception: You have an error in your SQL syntax; check the manual that corresponds to your MySQL server version for the right syntax to use near ' 0)), 0)total
FROM `tblreserved`
WHERE `Status` = 'Hold'' at line 1 in C:\xampp\htdocs\FastCat-WMS\system\Database\MySQLi\Connection.php:295
Stack trace:
#0 C:\xampp\htdocs\FastCat-WMS\system\Database\MySQLi\Connection.php(295): mysqli->query('SELECT FORMAT(I...', 0)
#1 C:\xampp\htdocs\FastCat-WMS\system\Database\BaseConnection.php(691): CodeIgniter\Database\MySQLi\Connection->execute('SELECT FORMAT(I...')
#2 C:\xampp\htdocs\FastCat-WMS\system\Database\BaseConnection.php(605): CodeIgniter\Database\BaseConnection->simpleQuery('SELECT FORMAT(I...')
#3 C:\xampp\htdocs\FastCat-WMS\system\Database\BaseBuilder.php(1602): CodeIgniter\Database\BaseConnection->query('SELECT FORMAT(I...', Array, false)
#4 C:\xampp\htdocs\FastCat-WMS\app\Controllers\Dashboard.php(91): CodeIgniter\Database\BaseBuilder->get()
#5 C:\xampp\htdocs\FastCat-WMS\system\CodeIgniter.php(934): App\Controllers\Dashboard->totalReserved()
#6 C:\xampp\htdocs\FastCat-WMS\system\CodeIgniter.php(499): CodeIgniter\CodeIgniter->runController(Object(App\Controllers\Dashboard))
#7 C:\xampp\htdocs\FastCat-WMS\system\CodeIgniter.php(368): CodeIgniter\CodeIgniter->handleRequest(NULL, Object(Config\Cache), false)
#8 C:\xampp\htdocs\FastCat-WMS\public\index.php(67): CodeIgniter\CodeIgniter->run()
#9 C:\xampp\htdocs\FastCat-WMS\system\Commands\Server\rewrite.php(47): require_once('C:\\xampp\\htdocs...')
#10 {main}
CRITICAL - 2023-11-29 05:54:16 --> You have an error in your SQL syntax; check the manual that corresponds to your MySQL server version for the right syntax to use near ' 0)), 0)total
FROM `tblreserved`
WHERE `Status` = 'Hold'' at line 1
in SYSTEMPATH\Database\BaseConnection.php on line 645.
 1 SYSTEMPATH\Database\BaseBuilder.php(1602): CodeIgniter\Database\BaseConnection->query('SELECT FORMAT(IFNULL(SUM(Qty, 0)), 0)total
FROM `tblreserved`
WHERE `Status` = :Status:', [...], false)
 2 APPPATH\Controllers\Dashboard.php(91): CodeIgniter\Database\BaseBuilder->get()
 3 SYSTEMPATH\CodeIgniter.php(934): App\Controllers\Dashboard->totalReserved()
 4 SYSTEMPATH\CodeIgniter.php(499): CodeIgniter\CodeIgniter->runController(Object(App\Controllers\Dashboard))
 5 SYSTEMPATH\CodeIgniter.php(368): CodeIgniter\CodeIgniter->handleRequest(null, Object(Config\Cache), false)
 6 FCPATH\index.php(67): CodeIgniter\CodeIgniter->run()
 7 SYSTEMPATH\Commands\Server\rewrite.php(47): require_once('FCPATH\\index.php')
INFO - 2023-11-29 05:54:16 --> Session: Class initialized using 'CodeIgniter\Session\Handlers\FileHandler' driver.
INFO - 2023-11-29 05:54:21 --> Session: Class initialized using 'CodeIgniter\Session\Handlers\FileHandler' driver.
INFO - 2023-11-29 05:54:22 --> Session: Class initialized using 'CodeIgniter\Session\Handlers\FileHandler' driver.
INFO - 2023-11-29 05:54:27 --> Session: Class initialized using 'CodeIgniter\Session\Handlers\FileHandler' driver.
INFO - 2023-11-29 05:54:28 --> Session: Class initialized using 'CodeIgniter\Session\Handlers\FileHandler' driver.
INFO - 2023-11-29 06:05:08 --> Session: Class initialized using 'CodeIgniter\Session\Handlers\FileHandler' driver.
INFO - 2023-11-29 06:05:09 --> Session: Class initialized using 'CodeIgniter\Session\Handlers\FileHandler' driver.
INFO - 2023-11-29 06:06:09 --> Session: Class initialized using 'CodeIgniter\Session\Handlers\FileHandler' driver.
INFO - 2023-11-29 06:06:10 --> Session: Class initialized using 'CodeIgniter\Session\Handlers\FileHandler' driver.
INFO - 2023-11-29 06:17:11 --> Session: Class initialized using 'CodeIgniter\Session\Handlers\FileHandler' driver.
INFO - 2023-11-29 06:17:11 --> Session: Class initialized using 'CodeIgniter\Session\Handlers\FileHandler' driver.
INFO - 2023-11-29 06:17:30 --> Session: Class initialized using 'CodeIgniter\Session\Handlers\FileHandler' driver.
INFO - 2023-11-29 06:17:30 --> Session: Class initialized using 'CodeIgniter\Session\Handlers\FileHandler' driver.
INFO - 2023-11-29 07:21:51 --> Session: Class initialized using 'CodeIgniter\Session\Handlers\FileHandler' driver.
INFO - 2023-11-29 07:21:52 --> Session: Class initialized using 'CodeIgniter\Session\Handlers\FileHandler' driver.
INFO - 2023-11-29 07:27:20 --> Session: Class initialized using 'CodeIgniter\Session\Handlers\FileHandler' driver.
INFO - 2023-11-29 07:30:07 --> Session: Class initialized using 'CodeIgniter\Session\Handlers\FileHandler' driver.
INFO - 2023-11-29 07:30:07 --> Session: Class initialized using 'CodeIgniter\Session\Handlers\FileHandler' driver.
INFO - 2023-11-29 07:30:38 --> Session: Class initialized using 'CodeIgniter\Session\Handlers\FileHandler' driver.
INFO - 2023-11-29 07:30:39 --> Session: Class initialized using 'CodeIgniter\Session\Handlers\FileHandler' driver.
INFO - 2023-11-29 07:31:03 --> Session: Class initialized using 'CodeIgniter\Session\Handlers\FileHandler' driver.
INFO - 2023-11-29 07:31:04 --> Session: Class initialized using 'CodeIgniter\Session\Handlers\FileHandler' driver.
INFO - 2023-11-29 07:44:21 --> Session: Class initialized using 'CodeIgniter\Session\Handlers\FileHandler' driver.
INFO - 2023-11-29 07:44:22 --> Session: Class initialized using 'CodeIgniter\Session\Handlers\FileHandler' driver.
INFO - 2023-11-29 07:45:38 --> Session: Class initialized using 'CodeIgniter\Session\Handlers\FileHandler' driver.
INFO - 2023-11-29 07:45:39 --> Session: Class initialized using 'CodeIgniter\Session\Handlers\FileHandler' driver.
INFO - 2023-11-29 07:54:29 --> Session: Class initialized using 'CodeIgniter\Session\Handlers\FileHandler' driver.
INFO - 2023-11-29 07:54:29 --> Session: Class initialized using 'CodeIgniter\Session\Handlers\FileHandler' driver.
INFO - 2023-11-29 07:59:48 --> Session: Class initialized using 'CodeIgniter\Session\Handlers\FileHandler' driver.
ERROR - 2023-11-29 07:59:50 --> mysqli_sql_exception: You have an error in your SQL syntax; check the manual that corresponds to your MySQL server version for the right syntax to use near ' 0)), 0)total
FROM `tblreserved`
WHERE `Status` = 'Hold'' at line 1 in C:\xampp\htdocs\FastCat-WMS\system\Database\MySQLi\Connection.php:295
Stack trace:
#0 C:\xampp\htdocs\FastCat-WMS\system\Database\MySQLi\Connection.php(295): mysqli->query('SELECT FORMAT(I...', 0)
#1 C:\xampp\htdocs\FastCat-WMS\system\Database\BaseConnection.php(691): CodeIgniter\Database\MySQLi\Connection->execute('SELECT FORMAT(I...')
#2 C:\xampp\htdocs\FastCat-WMS\system\Database\BaseConnection.php(605): CodeIgniter\Database\BaseConnection->simpleQuery('SELECT FORMAT(I...')
#3 C:\xampp\htdocs\FastCat-WMS\system\Database\BaseBuilder.php(1602): CodeIgniter\Database\BaseConnection->query('SELECT FORMAT(I...', Array, false)
#4 C:\xampp\htdocs\FastCat-WMS\app\Controllers\Dashboard.php(91): CodeIgniter\Database\BaseBuilder->get()
#5 C:\xampp\htdocs\FastCat-WMS\system\CodeIgniter.php(934): App\Controllers\Dashboard->totalReserved()
#6 C:\xampp\htdocs\FastCat-WMS\system\CodeIgniter.php(499): CodeIgniter\CodeIgniter->runController(Object(App\Controllers\Dashboard))
#7 C:\xampp\htdocs\FastCat-WMS\system\CodeIgniter.php(368): CodeIgniter\CodeIgniter->handleRequest(NULL, Object(Config\Cache), false)
#8 C:\xampp\htdocs\FastCat-WMS\public\index.php(67): CodeIgniter\CodeIgniter->run()
#9 C:\xampp\htdocs\FastCat-WMS\system\Commands\Server\rewrite.php(47): require_once('C:\\xampp\\htdocs...')
#10 {main}
CRITICAL - 2023-11-29 07:59:50 --> You have an error in your SQL syntax; check the manual that corresponds to your MySQL server version for the right syntax to use near ' 0)), 0)total
FROM `tblreserved`
WHERE `Status` = 'Hold'' at line 1
in SYSTEMPATH\Database\BaseConnection.php on line 645.
 1 SYSTEMPATH\Database\BaseBuilder.php(1602): CodeIgniter\Database\BaseConnection->query('SELECT FORMAT(IFNULL(SUM(Qty, 0)), 0)total
FROM `tblreserved`
WHERE `Status` = :Status:', [...], false)
 2 APPPATH\Controllers\Dashboard.php(91): CodeIgniter\Database\BaseBuilder->get()
 3 SYSTEMPATH\CodeIgniter.php(934): App\Controllers\Dashboard->totalReserved()
 4 SYSTEMPATH\CodeIgniter.php(499): CodeIgniter\CodeIgniter->runController(Object(App\Controllers\Dashboard))
 5 SYSTEMPATH\CodeIgniter.php(368): CodeIgniter\CodeIgniter->handleRequest(null, Object(Config\Cache), false)
 6 FCPATH\index.php(67): CodeIgniter\CodeIgniter->run()
 7 SYSTEMPATH\Commands\Server\rewrite.php(47): require_once('FCPATH\\index.php')
INFO - 2023-11-29 07:59:50 --> Session: Class initialized using 'CodeIgniter\Session\Handlers\FileHandler' driver.
INFO - 2023-11-29 08:00:25 --> Session: Class initialized using 'CodeIgniter\Session\Handlers\FileHandler' driver.
INFO - 2023-11-29 08:00:26 --> Session: Class initialized using 'CodeIgniter\Session\Handlers\FileHandler' driver.
INFO - 2023-11-29 08:02:10 --> Session: Class initialized using 'CodeIgniter\Session\Handlers\FileHandler' driver.
INFO - 2023-11-29 08:02:11 --> Session: Class initialized using 'CodeIgniter\Session\Handlers\FileHandler' driver.
INFO - 2023-11-29 08:02:11 --> Session: Class initialized using 'CodeIgniter\Session\Handlers\FileHandler' driver.
INFO - 2023-11-29 08:02:11 --> Session: Class initialized using 'CodeIgniter\Session\Handlers\FileHandler' driver.
INFO - 2023-11-29 08:02:11 --> Session: Class initialized using 'CodeIgniter\Session\Handlers\FileHandler' driver.
INFO - 2023-11-29 08:02:49 --> Session: Class initialized using 'CodeIgniter\Session\Handlers\FileHandler' driver.
INFO - 2023-11-29 08:02:50 --> Session: Class initialized using 'CodeIgniter\Session\Handlers\FileHandler' driver.
INFO - 2023-11-29 08:08:15 --> Session: Class initialized using 'CodeIgniter\Session\Handlers\FileHandler' driver.
ERROR - 2023-11-29 08:08:16 --> mysqli_sql_exception: You have an error in your SQL syntax; check the manual that corresponds to your MySQL server version for the right syntax to use near ' 0)), 0)total
FROM `tblreserved`
WHERE `Status` = 'Hold'' at line 1 in C:\xampp\htdocs\FastCat-WMS\system\Database\MySQLi\Connection.php:295
Stack trace:
#0 C:\xampp\htdocs\FastCat-WMS\system\Database\MySQLi\Connection.php(295): mysqli->query('SELECT FORMAT(I...', 0)
#1 C:\xampp\htdocs\FastCat-WMS\system\Database\BaseConnection.php(691): CodeIgniter\Database\MySQLi\Connection->execute('SELECT FORMAT(I...')
#2 C:\xampp\htdocs\FastCat-WMS\system\Database\BaseConnection.php(605): CodeIgniter\Database\BaseConnection->simpleQuery('SELECT FORMAT(I...')
#3 C:\xampp\htdocs\FastCat-WMS\system\Database\BaseBuilder.php(1602): CodeIgniter\Database\BaseConnection->query('SELECT FORMAT(I...', Array, false)
#4 C:\xampp\htdocs\FastCat-WMS\app\Controllers\Dashboard.php(91): CodeIgniter\Database\BaseBuilder->get()
#5 C:\xampp\htdocs\FastCat-WMS\system\CodeIgniter.php(934): App\Controllers\Dashboard->totalReserved()
#6 C:\xampp\htdocs\FastCat-WMS\system\CodeIgniter.php(499): CodeIgniter\CodeIgniter->runController(Object(App\Controllers\Dashboard))
#7 C:\xampp\htdocs\FastCat-WMS\system\CodeIgniter.php(368): CodeIgniter\CodeIgniter->handleRequest(NULL, Object(Config\Cache), false)
#8 C:\xampp\htdocs\FastCat-WMS\public\index.php(67): CodeIgniter\CodeIgniter->run()
#9 C:\xampp\htdocs\FastCat-WMS\system\Commands\Server\rewrite.php(47): require_once('C:\\xampp\\htdocs...')
#10 {main}
CRITICAL - 2023-11-29 08:08:16 --> You have an error in your SQL syntax; check the manual that corresponds to your MySQL server version for the right syntax to use near ' 0)), 0)total
FROM `tblreserved`
WHERE `Status` = 'Hold'' at line 1
in SYSTEMPATH\Database\BaseConnection.php on line 645.
 1 SYSTEMPATH\Database\BaseBuilder.php(1602): CodeIgniter\Database\BaseConnection->query('SELECT FORMAT(IFNULL(SUM(Qty, 0)), 0)total
FROM `tblreserved`
WHERE `Status` = :Status:', [...], false)
 2 APPPATH\Controllers\Dashboard.php(91): CodeIgniter\Database\BaseBuilder->get()
 3 SYSTEMPATH\CodeIgniter.php(934): App\Controllers\Dashboard->totalReserved()
 4 SYSTEMPATH\CodeIgniter.php(499): CodeIgniter\CodeIgniter->runController(Object(App\Controllers\Dashboard))
 5 SYSTEMPATH\CodeIgniter.php(368): CodeIgniter\CodeIgniter->handleRequest(null, Object(Config\Cache), false)
 6 FCPATH\index.php(67): CodeIgniter\CodeIgniter->run()
 7 SYSTEMPATH\Commands\Server\rewrite.php(47): require_once('FCPATH\\index.php')
INFO - 2023-11-29 08:08:17 --> Session: Class initialized using 'CodeIgniter\Session\Handlers\FileHandler' driver.
INFO - 2023-11-29 08:11:49 --> Session: Class initialized using 'CodeIgniter\Session\Handlers\FileHandler' driver.
INFO - 2023-11-29 08:11:50 --> Session: Class initialized using 'CodeIgniter\Session\Handlers\FileHandler' driver.
INFO - 2023-11-29 08:16:23 --> Session: Class initialized using 'CodeIgniter\Session\Handlers\FileHandler' driver.
INFO - 2023-11-29 08:16:23 --> Session: Class initialized using 'CodeIgniter\Session\Handlers\FileHandler' driver.
INFO - 2023-11-29 08:30:55 --> Session: Class initialized using 'CodeIgniter\Session\Handlers\FileHandler' driver.
INFO - 2023-11-29 08:30:55 --> Session: Class initialized using 'CodeIgniter\Session\Handlers\FileHandler' driver.
INFO - 2023-11-29 09:22:05 --> Session: Class initialized using 'CodeIgniter\Session\Handlers\FileHandler' driver.
INFO - 2023-11-29 09:22:05 --> Session: Class initialized using 'CodeIgniter\Session\Handlers\FileHandler' driver.
ERROR - 2023-11-29 09:22:13 --> mysqli_sql_exception: You have an error in your SQL syntax; check the manual that corresponds to your MySQL server version for the right syntax to use near ' 0)), 0)total
FROM `tblreserved`
WHERE `Status` = 'Hold'' at line 1 in C:\xampp\htdocs\FastCat-WMS\system\Database\MySQLi\Connection.php:295
Stack trace:
#0 C:\xampp\htdocs\FastCat-WMS\system\Database\MySQLi\Connection.php(295): mysqli->query('SELECT FORMAT(I...', 0)
#1 C:\xampp\htdocs\FastCat-WMS\system\Database\BaseConnection.php(691): CodeIgniter\Database\MySQLi\Connection->execute('SELECT FORMAT(I...')
#2 C:\xampp\htdocs\FastCat-WMS\system\Database\BaseConnection.php(605): CodeIgniter\Database\BaseConnection->simpleQuery('SELECT FORMAT(I...')
#3 C:\xampp\htdocs\FastCat-WMS\system\Database\BaseBuilder.php(1602): CodeIgniter\Database\BaseConnection->query('SELECT FORMAT(I...', Array, false)
#4 C:\xampp\htdocs\FastCat-WMS\app\Controllers\Dashboard.php(91): CodeIgniter\Database\BaseBuilder->get()
#5 C:\xampp\htdocs\FastCat-WMS\system\CodeIgniter.php(934): App\Controllers\Dashboard->totalReserved()
#6 C:\xampp\htdocs\FastCat-WMS\system\CodeIgniter.php(499): CodeIgniter\CodeIgniter->runController(Object(App\Controllers\Dashboard))
#7 C:\xampp\htdocs\FastCat-WMS\system\CodeIgniter.php(368): CodeIgniter\CodeIgniter->handleRequest(NULL, Object(Config\Cache), false)
#8 C:\xampp\htdocs\FastCat-WMS\public\index.php(67): CodeIgniter\CodeIgniter->run()
#9 C:\xampp\htdocs\FastCat-WMS\system\Commands\Server\rewrite.php(47): require_once('C:\\xampp\\htdocs...')
#10 {main}
CRITICAL - 2023-11-29 09:22:13 --> You have an error in your SQL syntax; check the manual that corresponds to your MySQL server version for the right syntax to use near ' 0)), 0)total
FROM `tblreserved`
WHERE `Status` = 'Hold'' at line 1
in SYSTEMPATH\Database\BaseConnection.php on line 645.
 1 SYSTEMPATH\Database\BaseBuilder.php(1602): CodeIgniter\Database\BaseConnection->query('SELECT FORMAT(IFNULL(SUM(Qty, 0)), 0)total
FROM `tblreserved`
WHERE `Status` = :Status:', [...], false)
 2 APPPATH\Controllers\Dashboard.php(91): CodeIgniter\Database\BaseBuilder->get()
 3 SYSTEMPATH\CodeIgniter.php(934): App\Controllers\Dashboard->totalReserved()
 4 SYSTEMPATH\CodeIgniter.php(499): CodeIgniter\CodeIgniter->runController(Object(App\Controllers\Dashboard))
 5 SYSTEMPATH\CodeIgniter.php(368): CodeIgniter\CodeIgniter->handleRequest(null, Object(Config\Cache), false)
 6 FCPATH\index.php(67): CodeIgniter\CodeIgniter->run()
 7 SYSTEMPATH\Commands\Server\rewrite.php(47): require_once('FCPATH\\index.php')
INFO - 2023-11-29 09:22:13 --> Session: Class initialized using 'CodeIgniter\Session\Handlers\FileHandler' driver.
INFO - 2023-11-29 09:22:49 --> Session: Class initialized using 'CodeIgniter\Session\Handlers\FileHandler' driver.
INFO - 2023-11-29 09:22:50 --> Session: Class initialized using 'CodeIgniter\Session\Handlers\FileHandler' driver.
INFO - 2023-11-29 09:30:17 --> Session: Class initialized using 'CodeIgniter\Session\Handlers\FileHandler' driver.
INFO - 2023-11-29 09:30:17 --> Session: Class initialized using 'CodeIgniter\Session\Handlers\FileHandler' driver.
INFO - 2023-11-29 09:30:24 --> Session: Class initialized using 'CodeIgniter\Session\Handlers\FileHandler' driver.
INFO - 2023-11-29 09:30:24 --> Session: Class initialized using 'CodeIgniter\Session\Handlers\FileHandler' driver.
ERROR - 2023-11-29 09:30:27 --> mysqli_sql_exception: You have an error in your SQL syntax; check the manual that corresponds to your MySQL server version for the right syntax to use near ' 0)), 0)total
FROM `tblreserved`
WHERE `Status` = 'Hold'' at line 1 in C:\xampp\htdocs\FastCat-WMS\system\Database\MySQLi\Connection.php:295
Stack trace:
#0 C:\xampp\htdocs\FastCat-WMS\system\Database\MySQLi\Connection.php(295): mysqli->query('SELECT FORMAT(I...', 0)
#1 C:\xampp\htdocs\FastCat-WMS\system\Database\BaseConnection.php(691): CodeIgniter\Database\MySQLi\Connection->execute('SELECT FORMAT(I...')
#2 C:\xampp\htdocs\FastCat-WMS\system\Database\BaseConnection.php(605): CodeIgniter\Database\BaseConnection->simpleQuery('SELECT FORMAT(I...')
#3 C:\xampp\htdocs\FastCat-WMS\system\Database\BaseBuilder.php(1602): CodeIgniter\Database\BaseConnection->query('SELECT FORMAT(I...', Array, false)
#4 C:\xampp\htdocs\FastCat-WMS\app\Controllers\Dashboard.php(91): CodeIgniter\Database\BaseBuilder->get()
#5 C:\xampp\htdocs\FastCat-WMS\system\CodeIgniter.php(934): App\Controllers\Dashboard->totalReserved()
#6 C:\xampp\htdocs\FastCat-WMS\system\CodeIgniter.php(499): CodeIgniter\CodeIgniter->runController(Object(App\Controllers\Dashboard))
#7 C:\xampp\htdocs\FastCat-WMS\system\CodeIgniter.php(368): CodeIgniter\CodeIgniter->handleRequest(NULL, Object(Config\Cache), false)
#8 C:\xampp\htdocs\FastCat-WMS\public\index.php(67): CodeIgniter\CodeIgniter->run()
#9 C:\xampp\htdocs\FastCat-WMS\system\Commands\Server\rewrite.php(47): require_once('C:\\xampp\\htdocs...')
#10 {main}
CRITICAL - 2023-11-29 09:30:27 --> You have an error in your SQL syntax; check the manual that corresponds to your MySQL server version for the right syntax to use near ' 0)), 0)total
FROM `tblreserved`
WHERE `Status` = 'Hold'' at line 1
in SYSTEMPATH\Database\BaseConnection.php on line 645.
 1 SYSTEMPATH\Database\BaseBuilder.php(1602): CodeIgniter\Database\BaseConnection->query('SELECT FORMAT(IFNULL(SUM(Qty, 0)), 0)total
FROM `tblreserved`
WHERE `Status` = :Status:', [...], false)
 2 APPPATH\Controllers\Dashboard.php(91): CodeIgniter\Database\BaseBuilder->get()
 3 SYSTEMPATH\CodeIgniter.php(934): App\Controllers\Dashboard->totalReserved()
 4 SYSTEMPATH\CodeIgniter.php(499): CodeIgniter\CodeIgniter->runController(Object(App\Controllers\Dashboard))
 5 SYSTEMPATH\CodeIgniter.php(368): CodeIgniter\CodeIgniter->handleRequest(null, Object(Config\Cache), false)
 6 FCPATH\index.php(67): CodeIgniter\CodeIgniter->run()
 7 SYSTEMPATH\Commands\Server\rewrite.php(47): require_once('FCPATH\\index.php')
INFO - 2023-11-29 09:30:28 --> Session: Class initialized using 'CodeIgniter\Session\Handlers\FileHandler' driver.
INFO - 2023-11-29 09:30:32 --> Session: Class initialized using 'CodeIgniter\Session\Handlers\FileHandler' driver.
INFO - 2023-11-29 09:30:32 --> Session: Class initialized using 'CodeIgniter\Session\Handlers\FileHandler' driver.
INFO - 2023-11-29 09:30:56 --> Session: Class initialized using 'CodeIgniter\Session\Handlers\FileHandler' driver.
INFO - 2023-11-29 09:30:57 --> Session: Class initialized using 'CodeIgniter\Session\Handlers\FileHandler' driver.
INFO - 2023-11-29 09:31:23 --> Session: Class initialized using 'CodeIgniter\Session\Handlers\FileHandler' driver.
INFO - 2023-11-29 09:31:23 --> Session: Class initialized using 'CodeIgniter\Session\Handlers\FileHandler' driver.
INFO - 2023-11-29 09:41:04 --> Session: Class initialized using 'CodeIgniter\Session\Handlers\FileHandler' driver.
INFO - 2023-11-29 09:41:04 --> Session: Class initialized using 'CodeIgniter\Session\Handlers\FileHandler' driver.
INFO - 2023-11-29 09:41:10 --> Session: Class initialized using 'CodeIgniter\Session\Handlers\FileHandler' driver.
INFO - 2023-11-29 09:41:10 --> Session: Class initialized using 'CodeIgniter\Session\Handlers\FileHandler' driver.
INFO - 2023-11-29 09:41:10 --> Session: Class initialized using 'CodeIgniter\Session\Handlers\FileHandler' driver.
INFO - 2023-11-29 09:41:34 --> Session: Class initialized using 'CodeIgniter\Session\Handlers\FileHandler' driver.
INFO - 2023-11-29 09:41:41 --> Session: Class initialized using 'CodeIgniter\Session\Handlers\FileHandler' driver.
INFO - 2023-11-29 09:41:41 --> Session: Class initialized using 'CodeIgniter\Session\Handlers\FileHandler' driver.
ERROR - 2023-11-29 09:41:47 --> mysqli_sql_exception: You have an error in your SQL syntax; check the manual that corresponds to your MySQL server version for the right syntax to use near ' 0)), 0)total
FROM `tblreserved`
WHERE `Status` = 'Hold'' at line 1 in C:\xampp\htdocs\FastCat-WMS\system\Database\MySQLi\Connection.php:295
Stack trace:
#0 C:\xampp\htdocs\FastCat-WMS\system\Database\MySQLi\Connection.php(295): mysqli->query('SELECT FORMAT(I...', 0)
#1 C:\xampp\htdocs\FastCat-WMS\system\Database\BaseConnection.php(691): CodeIgniter\Database\MySQLi\Connection->execute('SELECT FORMAT(I...')
#2 C:\xampp\htdocs\FastCat-WMS\system\Database\BaseConnection.php(605): CodeIgniter\Database\BaseConnection->simpleQuery('SELECT FORMAT(I...')
#3 C:\xampp\htdocs\FastCat-WMS\system\Database\BaseBuilder.php(1602): CodeIgniter\Database\BaseConnection->query('SELECT FORMAT(I...', Array, false)
#4 C:\xampp\htdocs\FastCat-WMS\app\Controllers\Dashboard.php(91): CodeIgniter\Database\BaseBuilder->get()
#5 C:\xampp\htdocs\FastCat-WMS\system\CodeIgniter.php(934): App\Controllers\Dashboard->totalReserved()
#6 C:\xampp\htdocs\FastCat-WMS\system\CodeIgniter.php(499): CodeIgniter\CodeIgniter->runController(Object(App\Controllers\Dashboard))
#7 C:\xampp\htdocs\FastCat-WMS\system\CodeIgniter.php(368): CodeIgniter\CodeIgniter->handleRequest(NULL, Object(Config\Cache), false)
#8 C:\xampp\htdocs\FastCat-WMS\public\index.php(67): CodeIgniter\CodeIgniter->run()
#9 C:\xampp\htdocs\FastCat-WMS\system\Commands\Server\rewrite.php(47): require_once('C:\\xampp\\htdocs...')
#10 {main}
CRITICAL - 2023-11-29 09:41:47 --> You have an error in your SQL syntax; check the manual that corresponds to your MySQL server version for the right syntax to use near ' 0)), 0)total
FROM `tblreserved`
WHERE `Status` = 'Hold'' at line 1
in SYSTEMPATH\Database\BaseConnection.php on line 645.
 1 SYSTEMPATH\Database\BaseBuilder.php(1602): CodeIgniter\Database\BaseConnection->query('SELECT FORMAT(IFNULL(SUM(Qty, 0)), 0)total
FROM `tblreserved`
WHERE `Status` = :Status:', [...], false)
 2 APPPATH\Controllers\Dashboard.php(91): CodeIgniter\Database\BaseBuilder->get()
 3 SYSTEMPATH\CodeIgniter.php(934): App\Controllers\Dashboard->totalReserved()
 4 SYSTEMPATH\CodeIgniter.php(499): CodeIgniter\CodeIgniter->runController(Object(App\Controllers\Dashboard))
 5 SYSTEMPATH\CodeIgniter.php(368): CodeIgniter\CodeIgniter->handleRequest(null, Object(Config\Cache), false)
 6 FCPATH\index.php(67): CodeIgniter\CodeIgniter->run()
 7 SYSTEMPATH\Commands\Server\rewrite.php(47): require_once('FCPATH\\index.php')
INFO - 2023-11-29 09:41:48 --> Session: Class initialized using 'CodeIgniter\Session\Handlers\FileHandler' driver.
INFO - 2023-11-29 09:41:59 --> Session: Class initialized using 'CodeIgniter\Session\Handlers\FileHandler' driver.
INFO - 2023-11-29 09:41:59 --> Session: Class initialized using 'CodeIgniter\Session\Handlers\FileHandler' driver.
INFO - 2023-11-29 09:43:43 --> Session: Class initialized using 'CodeIgniter\Session\Handlers\FileHandler' driver.
INFO - 2023-11-29 09:43:43 --> Session: Class initialized using 'CodeIgniter\Session\Handlers\FileHandler' driver.
INFO - 2023-11-29 09:43:48 --> Session: Class initialized using 'CodeIgniter\Session\Handlers\FileHandler' driver.
INFO - 2023-11-29 09:43:49 --> Session: Class initialized using 'CodeIgniter\Session\Handlers\FileHandler' driver.
INFO - 2023-11-29 09:43:55 --> Session: Class initialized using 'CodeIgniter\Session\Handlers\FileHandler' driver.
INFO - 2023-11-29 09:43:55 --> Session: Class initialized using 'CodeIgniter\Session\Handlers\FileHandler' driver.
INFO - 2023-11-29 09:44:02 --> Session: Class initialized using 'CodeIgniter\Session\Handlers\FileHandler' driver.
INFO - 2023-11-29 09:44:02 --> Session: Class initialized using 'CodeIgniter\Session\Handlers\FileHandler' driver.
ERROR - 2023-11-29 09:44:02 --> mysqli_sql_exception: You have an error in your SQL syntax; check the manual that corresponds to your MySQL server version for the right syntax to use near ' 0)), 0)total
FROM `tblreserved`
WHERE `Status` = 'Hold'' at line 1 in C:\xampp\htdocs\FastCat-WMS\system\Database\MySQLi\Connection.php:295
Stack trace:
#0 C:\xampp\htdocs\FastCat-WMS\system\Database\MySQLi\Connection.php(295): mysqli->query('SELECT FORMAT(I...', 0)
#1 C:\xampp\htdocs\FastCat-WMS\system\Database\BaseConnection.php(691): CodeIgniter\Database\MySQLi\Connection->execute('SELECT FORMAT(I...')
#2 C:\xampp\htdocs\FastCat-WMS\system\Database\BaseConnection.php(605): CodeIgniter\Database\BaseConnection->simpleQuery('SELECT FORMAT(I...')
#3 C:\xampp\htdocs\FastCat-WMS\system\Database\BaseBuilder.php(1602): CodeIgniter\Database\BaseConnection->query('SELECT FORMAT(I...', Array, false)
#4 C:\xampp\htdocs\FastCat-WMS\app\Controllers\Dashboard.php(91): CodeIgniter\Database\BaseBuilder->get()
#5 C:\xampp\htdocs\FastCat-WMS\system\CodeIgniter.php(934): App\Controllers\Dashboard->totalReserved()
#6 C:\xampp\htdocs\FastCat-WMS\system\CodeIgniter.php(499): CodeIgniter\CodeIgniter->runController(Object(App\Controllers\Dashboard))
#7 C:\xampp\htdocs\FastCat-WMS\system\CodeIgniter.php(368): CodeIgniter\CodeIgniter->handleRequest(NULL, Object(Config\Cache), false)
#8 C:\xampp\htdocs\FastCat-WMS\public\index.php(67): CodeIgniter\CodeIgniter->run()
#9 C:\xampp\htdocs\FastCat-WMS\system\Commands\Server\rewrite.php(47): require_once('C:\\xampp\\htdocs...')
#10 {main}
CRITICAL - 2023-11-29 09:44:02 --> You have an error in your SQL syntax; check the manual that corresponds to your MySQL server version for the right syntax to use near ' 0)), 0)total
FROM `tblreserved`
WHERE `Status` = 'Hold'' at line 1
in SYSTEMPATH\Database\BaseConnection.php on line 645.
 1 SYSTEMPATH\Database\BaseBuilder.php(1602): CodeIgniter\Database\BaseConnection->query('SELECT FORMAT(IFNULL(SUM(Qty, 0)), 0)total
FROM `tblreserved`
WHERE `Status` = :Status:', [...], false)
 2 APPPATH\Controllers\Dashboard.php(91): CodeIgniter\Database\BaseBuilder->get()
 3 SYSTEMPATH\CodeIgniter.php(934): App\Controllers\Dashboard->totalReserved()
 4 SYSTEMPATH\CodeIgniter.php(499): CodeIgniter\CodeIgniter->runController(Object(App\Controllers\Dashboard))
 5 SYSTEMPATH\CodeIgniter.php(368): CodeIgniter\CodeIgniter->handleRequest(null, Object(Config\Cache), false)
 6 FCPATH\index.php(67): CodeIgniter\CodeIgniter->run()
 7 SYSTEMPATH\Commands\Server\rewrite.php(47): require_once('FCPATH\\index.php')
INFO - 2023-11-29 09:44:03 --> Session: Class initialized using 'CodeIgniter\Session\Handlers\FileHandler' driver.
INFO - 2023-11-29 09:44:05 --> Session: Class initialized using 'CodeIgniter\Session\Handlers\FileHandler' driver.
INFO - 2023-11-29 09:44:05 --> Session: Class initialized using 'CodeIgniter\Session\Handlers\FileHandler' driver.
INFO - 2023-11-29 09:44:07 --> Session: Class initialized using 'CodeIgniter\Session\Handlers\FileHandler' driver.
INFO - 2023-11-29 09:44:08 --> Session: Class initialized using 'CodeIgniter\Session\Handlers\FileHandler' driver.
