CRITICAL - 2024-01-17 08:47:37 --> Trying to access array offset on value of type null
in APPPATH/Views/generate-qrcode.php on line 432.
 1 APPPATH/Views/generate-qrcode.php(432): CodeIgniter\Debug\Exceptions->errorHandler(2, 'Trying to access array offset on value of type null', 'APPPATH/Views/generate-qrcode.php', 432)
 2 SYSTEMPATH/View/View.php(213): include('APPPATH/Views/generate-qrcode.php')
 3 SYSTEMPATH/View/View.php(216): CodeIgniter\View\View->CodeIgniter\View\{closure}()
 4 SYSTEMPATH/Common.php(1177): CodeIgniter\View\View->render('generate-qrcode', [], true)
 5 APPPATH/Controllers/Home.php(138): view('generate-qrcode', [...])
 6 SYSTEMPATH/CodeIgniter.php(934): App\Controllers\Home->generateQR('FCPATH/assets', 'img', 'fastcat.png')
 7 SYSTEMPATH/CodeIgniter.php(499): CodeIgniter\CodeIgniter->runController(Object(App\Controllers\Home))
 8 SYSTEMPATH/CodeIgniter.php(368): CodeIgniter\CodeIgniter->handleRequest(null, Object(Config\Cache), false)
 9 FCPATH/index.php(67): CodeIgniter\CodeIgniter->run()
CRITICAL - 2024-01-17 08:47:58 --> Trying to access array offset on value of type null
in APPPATH/Views/generate-qrcode.php on line 432.
 1 APPPATH/Views/generate-qrcode.php(432): CodeIgniter\Debug\Exceptions->errorHandler(2, 'Trying to access array offset on value of type null', 'APPPATH/Views/generate-qrcode.php', 432)
 2 SYSTEMPATH/View/View.php(213): include('APPPATH/Views/generate-qrcode.php')
 3 SYSTEMPATH/View/View.php(216): CodeIgniter\View\View->CodeIgniter\View\{closure}()
 4 SYSTEMPATH/Common.php(1177): CodeIgniter\View\View->render('generate-qrcode', [], true)
 5 APPPATH/Controllers/Home.php(138): view('generate-qrcode', [...])
 6 SYSTEMPATH/CodeIgniter.php(934): App\Controllers\Home->generateQR('FCPATH/assets', 'img', 'fastcat.png')
 7 SYSTEMPATH/CodeIgniter.php(499): CodeIgniter\CodeIgniter->runController(Object(App\Controllers\Home))
 8 SYSTEMPATH/CodeIgniter.php(368): CodeIgniter\CodeIgniter->handleRequest(null, Object(Config\Cache), false)
 9 FCPATH/index.php(67): CodeIgniter\CodeIgniter->run()
CRITICAL - 2024-01-17 08:47:58 --> Trying to access array offset on value of type null
in APPPATH/Views/generate-qrcode.php on line 432.
 1 APPPATH/Views/generate-qrcode.php(432): CodeIgniter\Debug\Exceptions->errorHandler(2, 'Trying to access array offset on value of type null', 'APPPATH/Views/generate-qrcode.php', 432)
 2 SYSTEMPATH/View/View.php(213): include('APPPATH/Views/generate-qrcode.php')
 3 SYSTEMPATH/View/View.php(216): CodeIgniter\View\View->CodeIgniter\View\{closure}()
 4 SYSTEMPATH/Common.php(1177): CodeIgniter\View\View->render('generate-qrcode', [], true)
 5 APPPATH/Controllers/Home.php(138): view('generate-qrcode', [...])
 6 SYSTEMPATH/CodeIgniter.php(934): App\Controllers\Home->generateQR('FCPATH/assets', 'img', 'fastcat.png')
 7 SYSTEMPATH/CodeIgniter.php(499): CodeIgniter\CodeIgniter->runController(Object(App\Controllers\Home))
 8 SYSTEMPATH/CodeIgniter.php(368): CodeIgniter\CodeIgniter->handleRequest(null, Object(Config\Cache), false)
 9 FCPATH/index.php(67): CodeIgniter\CodeIgniter->run()
