CRITICAL - 2024-01-23 05:30:44 --> Trying to access array offset on value of type null
in APPPATH/Views/edit.php on line 429.
 1 APPPATH/Views/edit.php(429): CodeIgniter\Debug\Exceptions->errorHandler(2, 'Trying to access array offset on value of type null', 'APPPATH/Views/edit.php', 429)
 2 SYSTEMPATH/View/View.php(213): include('APPPATH/Views/edit.php')
 3 SYSTEMPATH/View/View.php(216): CodeIgniter\View\View->CodeIgniter\View\{closure}()
 4 SYSTEMPATH/Common.php(1177): CodeIgniter\View\View->render('edit', [], true)
 5 APPPATH/Controllers/Home.php(158): view('edit', [...])
 6 SYSTEMPATH/CodeIgniter.php(934): App\Controllers\Home->edit('vendors', 'images', 'github.svg')
 7 SYSTEMPATH/CodeIgniter.php(499): CodeIgniter\CodeIgniter->runController(Object(App\Controllers\Home))
 8 SYSTEMPATH/CodeIgniter.php(368): CodeIgniter\CodeIgniter->handleRequest(null, Object(Config\Cache), false)
 9 FCPATH/index.php(67): CodeIgniter\CodeIgniter->run()
CRITICAL - 2024-01-23 05:38:49 --> Trying to access array offset on value of type null
in APPPATH/Views/edit.php on line 429.
 1 APPPATH/Views/edit.php(429): CodeIgniter\Debug\Exceptions->errorHandler(2, 'Trying to access array offset on value of type null', 'APPPATH/Views/edit.php', 429)
 2 SYSTEMPATH/View/View.php(213): include('APPPATH/Views/edit.php')
 3 SYSTEMPATH/View/View.php(216): CodeIgniter\View\View->CodeIgniter\View\{closure}()
 4 SYSTEMPATH/Common.php(1177): CodeIgniter\View\View->render('edit', [], true)
 5 APPPATH/Controllers/Home.php(158): view('edit', [...])
 6 SYSTEMPATH/CodeIgniter.php(934): App\Controllers\Home->edit('vendors', 'images', 'github.svg')
 7 SYSTEMPATH/CodeIgniter.php(499): CodeIgniter\CodeIgniter->runController(Object(App\Controllers\Home))
 8 SYSTEMPATH/CodeIgniter.php(368): CodeIgniter\CodeIgniter->handleRequest(null, Object(Config\Cache), false)
 9 FCPATH/index.php(67): CodeIgniter\CodeIgniter->run()
CRITICAL - 2024-01-23 05:39:31 --> Trying to access array offset on value of type null
in APPPATH/Views/edit.php on line 429.
 1 APPPATH/Views/edit.php(429): CodeIgniter\Debug\Exceptions->errorHandler(2, 'Trying to access array offset on value of type null', 'APPPATH/Views/edit.php', 429)
 2 SYSTEMPATH/View/View.php(213): include('APPPATH/Views/edit.php')
 3 SYSTEMPATH/View/View.php(216): CodeIgniter\View\View->CodeIgniter\View\{closure}()
 4 SYSTEMPATH/Common.php(1177): CodeIgniter\View\View->render('edit', [], true)
 5 APPPATH/Controllers/Home.php(158): view('edit', [...])
 6 SYSTEMPATH/CodeIgniter.php(934): App\Controllers\Home->edit('vendors', 'images', 'github.svg')
 7 SYSTEMPATH/CodeIgniter.php(499): CodeIgniter\CodeIgniter->runController(Object(App\Controllers\Home))
 8 SYSTEMPATH/CodeIgniter.php(368): CodeIgniter\CodeIgniter->handleRequest(null, Object(Config\Cache), false)
 9 FCPATH/index.php(67): CodeIgniter\CodeIgniter->run()
CRITICAL - 2024-01-23 06:56:33 --> Trying to access array offset on value of type null
in APPPATH/Views/edit.php on line 429.
 1 APPPATH/Views/edit.php(429): CodeIgniter\Debug\Exceptions->errorHandler(2, 'Trying to access array offset on value of type null', 'APPPATH/Views/edit.php', 429)
 2 SYSTEMPATH/View/View.php(213): include('APPPATH/Views/edit.php')
 3 SYSTEMPATH/View/View.php(216): CodeIgniter\View\View->CodeIgniter\View\{closure}()
 4 SYSTEMPATH/Common.php(1177): CodeIgniter\View\View->render('edit', [], true)
 5 APPPATH/Controllers/Home.php(158): view('edit', [...])
 6 SYSTEMPATH/CodeIgniter.php(934): App\Controllers\Home->edit('vendors', 'images', 'github.svg')
 7 SYSTEMPATH/CodeIgniter.php(499): CodeIgniter\CodeIgniter->runController(Object(App\Controllers\Home))
 8 SYSTEMPATH/CodeIgniter.php(368): CodeIgniter\CodeIgniter->handleRequest(null, Object(Config\Cache), false)
 9 FCPATH/index.php(67): CodeIgniter\CodeIgniter->run()
CRITICAL - 2024-01-23 07:06:37 --> Trying to access array offset on value of type null
in APPPATH/Views/generate-qrcode.php on line 432.
 1 APPPATH/Views/generate-qrcode.php(432): CodeIgniter\Debug\Exceptions->errorHandler(2, 'Trying to access array offset on value of type null', 'APPPATH/Views/generate-qrcode.php', 432)
 2 SYSTEMPATH/View/View.php(213): include('APPPATH/Views/generate-qrcode.php')
 3 SYSTEMPATH/View/View.php(216): CodeIgniter\View\View->CodeIgniter\View\{closure}()
 4 SYSTEMPATH/Common.php(1177): CodeIgniter\View\View->render('generate-qrcode', [], true)
 5 APPPATH/Controllers/Home.php(138): view('generate-qrcode', [...])
 6 SYSTEMPATH/CodeIgniter.php(934): App\Controllers\Home->generateQR('FCPATH/assets', 'img', 'fastcat.png')
 7 SYSTEMPATH/CodeIgniter.php(499): CodeIgniter\CodeIgniter->runController(Object(App\Controllers\Home))
 8 SYSTEMPATH/CodeIgniter.php(368): CodeIgniter\CodeIgniter->handleRequest(null, Object(Config\Cache), false)
 9 FCPATH/index.php(67): CodeIgniter\CodeIgniter->run()
CRITICAL - 2024-01-23 07:06:53 --> Trying to access array offset on value of type null
in APPPATH/Views/generate-qrcode.php on line 432.
 1 APPPATH/Views/generate-qrcode.php(432): CodeIgniter\Debug\Exceptions->errorHandler(2, 'Trying to access array offset on value of type null', 'APPPATH/Views/generate-qrcode.php', 432)
 2 SYSTEMPATH/View/View.php(213): include('APPPATH/Views/generate-qrcode.php')
 3 SYSTEMPATH/View/View.php(216): CodeIgniter\View\View->CodeIgniter\View\{closure}()
 4 SYSTEMPATH/Common.php(1177): CodeIgniter\View\View->render('generate-qrcode', [], true)
 5 APPPATH/Controllers/Home.php(138): view('generate-qrcode', [...])
 6 SYSTEMPATH/CodeIgniter.php(934): App\Controllers\Home->generateQR('FCPATH/assets', 'img', 'fastcat.png')
 7 SYSTEMPATH/CodeIgniter.php(499): CodeIgniter\CodeIgniter->runController(Object(App\Controllers\Home))
 8 SYSTEMPATH/CodeIgniter.php(368): CodeIgniter\CodeIgniter->handleRequest(null, Object(Config\Cache), false)
 9 FCPATH/index.php(67): CodeIgniter\CodeIgniter->run()
CRITICAL - 2024-01-23 07:07:08 --> Trying to access array offset on value of type null
in APPPATH/Views/generate-qrcode.php on line 432.
 1 APPPATH/Views/generate-qrcode.php(432): CodeIgniter\Debug\Exceptions->errorHandler(2, 'Trying to access array offset on value of type null', 'APPPATH/Views/generate-qrcode.php', 432)
 2 SYSTEMPATH/View/View.php(213): include('APPPATH/Views/generate-qrcode.php')
 3 SYSTEMPATH/View/View.php(216): CodeIgniter\View\View->CodeIgniter\View\{closure}()
 4 SYSTEMPATH/Common.php(1177): CodeIgniter\View\View->render('generate-qrcode', [], true)
 5 APPPATH/Controllers/Home.php(138): view('generate-qrcode', [...])
 6 SYSTEMPATH/CodeIgniter.php(934): App\Controllers\Home->generateQR('FCPATH/assets', 'img', 'fastcat.png')
 7 SYSTEMPATH/CodeIgniter.php(499): CodeIgniter\CodeIgniter->runController(Object(App\Controllers\Home))
 8 SYSTEMPATH/CodeIgniter.php(368): CodeIgniter\CodeIgniter->handleRequest(null, Object(Config\Cache), false)
 9 FCPATH/index.php(67): CodeIgniter\CodeIgniter->run()
CRITICAL - 2024-01-23 07:07:08 --> Trying to access array offset on value of type null
in APPPATH/Views/generate-qrcode.php on line 432.
 1 APPPATH/Views/generate-qrcode.php(432): CodeIgniter\Debug\Exceptions->errorHandler(2, 'Trying to access array offset on value of type null', 'APPPATH/Views/generate-qrcode.php', 432)
 2 SYSTEMPATH/View/View.php(213): include('APPPATH/Views/generate-qrcode.php')
 3 SYSTEMPATH/View/View.php(216): CodeIgniter\View\View->CodeIgniter\View\{closure}()
 4 SYSTEMPATH/Common.php(1177): CodeIgniter\View\View->render('generate-qrcode', [], true)
 5 APPPATH/Controllers/Home.php(138): view('generate-qrcode', [...])
 6 SYSTEMPATH/CodeIgniter.php(934): App\Controllers\Home->generateQR('FCPATH/assets', 'img', 'fastcat.png')
 7 SYSTEMPATH/CodeIgniter.php(499): CodeIgniter\CodeIgniter->runController(Object(App\Controllers\Home))
 8 SYSTEMPATH/CodeIgniter.php(368): CodeIgniter\CodeIgniter->handleRequest(null, Object(Config\Cache), false)
 9 FCPATH/index.php(67): CodeIgniter\CodeIgniter->run()
CRITICAL - 2024-01-23 09:24:14 --> Trying to access array offset on value of type null
in APPPATH/Views/edit-supplier.php on line 429.
 1 APPPATH/Views/edit-supplier.php(429): CodeIgniter\Debug\Exceptions->errorHandler(2, 'Trying to access array offset on value of type null', 'APPPATH/Views/edit-supplier.php', 429)
 2 SYSTEMPATH/View/View.php(213): include('APPPATH/Views/edit-supplier.php')
 3 SYSTEMPATH/View/View.php(216): CodeIgniter\View\View->CodeIgniter\View\{closure}()
 4 SYSTEMPATH/Common.php(1177): CodeIgniter\View\View->render('edit-supplier', [], true)
 5 APPPATH/Controllers/Home.php(370): view('edit-supplier', [...])
 6 SYSTEMPATH/CodeIgniter.php(934): App\Controllers\Home->editSupplier('vendors', 'images', 'github.svg')
 7 SYSTEMPATH/CodeIgniter.php(499): CodeIgniter\CodeIgniter->runController(Object(App\Controllers\Home))
 8 SYSTEMPATH/CodeIgniter.php(368): CodeIgniter\CodeIgniter->handleRequest(null, Object(Config\Cache), false)
 9 FCPATH/index.php(67): CodeIgniter\CodeIgniter->run()
